<?xml version="1.0" encoding="UTF-8"?>
<testsuite xmlns:xsi="http://www.w3.org/2001/XMLSchema-instance" xsi:noNamespaceSchemaLocation="https://maven.apache.org/surefire/maven-surefire-plugin/xsd/surefire-test-report.xsd" name="spark.user.services.UserStorageServiceTest" time="1.523" tests="4" errors="0" skipped="0" failures="0">
  <properties>
[...]
</properties>
  <testcase name="shouldReturnArrayListOfAllUsers" classname="spark.user.services.UserStorageServiceTest" time="0.253"/>
  <testcase name="shouldAddUserToDataBase" classname="spark.user.services.UserStorageServiceTest" time="0.26"/>
  <testcase name="shouldReturnForUserExists" classname="spark.user.services.UserStorageServiceTest" time="0.207"/>
  <testcase name="shouldDeleteUser" classname="spark.user.services.UserStorageServiceTest" time="0.233"/>
</testsuite>